[debug] [2024-06-19T12:28:20.392Z] ----------------------------------------------------------------------
[debug] [2024-06-19T12:28:20.395Z] Command:       C:\Program Files\nodejs\node.exe C:\Users\lephi\AppData\Roaming\npm\node_modules\firebase-tools\lib\bin\firebase.js deploy
[debug] [2024-06-19T12:28:20.396Z] CLI Version:   11.24.0
[debug] [2024-06-19T12:28:20.396Z] Platform:      win32
[debug] [2024-06-19T12:28:20.397Z] Node Version:  v18.14.2
[debug] [2024-06-19T12:28:20.399Z] Time:          Wed Jun 19 2024 14:28:20 GMT+0200 (Mitteleuropäische Sommerzeit)
[debug] [2024-06-19T12:28:20.399Z] ----------------------------------------------------------------------
[debug] 
[debug] [2024-06-19T12:28:20.504Z] Object "" in "firebase.json" has unknown property: {"additionalProperty":"redirects"}
[debug] [2024-06-19T12:28:20.512Z] > command requires scopes: ["email","openid","https://www.googleapis.com/auth/cloudplatformprojects.readonly","https://www.googleapis.com/auth/firebase","https://www.googleapis.com/auth/cloud-platform"]
[debug] [2024-06-19T12:28:20.512Z] > authorizing via signed-in user (ahhatnimet@gmail.com)
[debug] [2024-06-19T12:28:20.513Z] [iam] checking project phi-nguyen for permissions ["firebase.projects.get","firebasehosting.sites.update"]
[debug] [2024-06-19T12:28:20.515Z] > refreshing access token with scopes: []
[debug] [2024-06-19T12:28:20.518Z] >>> [apiv2][query] POST https://www.googleapis.com/oauth2/v3/token [none]
[debug] [2024-06-19T12:28:20.518Z] >>> [apiv2][body] POST https://www.googleapis.com/oauth2/v3/token [omitted]
[debug] [2024-06-19T12:28:20.722Z] <<< [apiv2][status] POST https://www.googleapis.com/oauth2/v3/token 400
[debug] [2024-06-19T12:28:20.722Z] <<< [apiv2][body] POST https://www.googleapis.com/oauth2/v3/token [omitted]
[debug] [2024-06-19T12:28:20.723Z] >>> [apiv2][query] POST https://cloudresourcemanager.googleapis.com/v1/projects/phi-nguyen:testIamPermissions [none]
[debug] [2024-06-19T12:28:20.723Z] >>> [apiv2][(partial)header] POST https://cloudresourcemanager.googleapis.com/v1/projects/phi-nguyen:testIamPermissions x-goog-quota-user=projects/phi-nguyen
[debug] [2024-06-19T12:28:20.723Z] >>> [apiv2][body] POST https://cloudresourcemanager.googleapis.com/v1/projects/phi-nguyen:testIamPermissions {"permissions":["firebase.projects.get","firebasehosting.sites.update"]}
[debug] [2024-06-19T12:28:21.415Z] <<< [apiv2][status] POST https://cloudresourcemanager.googleapis.com/v1/projects/phi-nguyen:testIamPermissions 401
[debug] [2024-06-19T12:28:21.415Z] <<< [apiv2][body] POST https://cloudresourcemanager.googleapis.com/v1/projects/phi-nguyen:testIamPermissions {"error":{"code":401,"message":"Request had invalid authentication credentials. Expected OAuth 2 access token, login cookie or other valid authentication credential. See https://developers.google.com/identity/sign-in/web/devconsole-project.","status":"UNAUTHENTICATED","details":[{"@type":"type.googleapis.com/google.rpc.ErrorInfo","reason":"ACCESS_TOKEN_TYPE_UNSUPPORTED","metadata":{"method":"google.cloudresourcemanager.v1.Projects.TestIamPermissions","service":"cloudresourcemanager.googleapis.com"}}]}}
[debug] [2024-06-19T12:28:21.417Z] [iam] error while checking permissions, command may fail: FirebaseError: HTTP Error: 401, Request had invalid authentication credentials. Expected OAuth 2 access token, login cookie or other valid authentication credential. See https://developers.google.com/identity/sign-in/web/devconsole-project.
[debug] [2024-06-19T12:28:21.418Z] > refreshing access token with scopes: []
[debug] [2024-06-19T12:28:21.419Z] >>> [apiv2][query] POST https://www.googleapis.com/oauth2/v3/token [none]
[debug] [2024-06-19T12:28:21.419Z] >>> [apiv2][body] POST https://www.googleapis.com/oauth2/v3/token [omitted]
[debug] [2024-06-19T12:28:21.494Z] <<< [apiv2][status] POST https://www.googleapis.com/oauth2/v3/token 400
[debug] [2024-06-19T12:28:21.494Z] <<< [apiv2][body] POST https://www.googleapis.com/oauth2/v3/token [omitted]
[debug] [2024-06-19T12:28:21.495Z] >>> [apiv2][query] GET https://firebase.googleapis.com/v1beta1/projects/phi-nguyen [none]
[debug] [2024-06-19T12:28:21.792Z] <<< [apiv2][status] GET https://firebase.googleapis.com/v1beta1/projects/phi-nguyen 401
[debug] [2024-06-19T12:28:21.792Z] <<< [apiv2][body] GET https://firebase.googleapis.com/v1beta1/projects/phi-nguyen {"error":{"code":401,"message":"Request had invalid authentication credentials. Expected OAuth 2 access token, login cookie or other valid authentication credential. See https://developers.google.com/identity/sign-in/web/devconsole-project.","status":"UNAUTHENTICATED"}}
[debug] [2024-06-19T12:28:21.793Z] HTTP Error: 401, Request had invalid authentication credentials. Expected OAuth 2 access token, login cookie or other valid authentication credential. See https://developers.google.com/identity/sign-in/web/devconsole-project.
[debug] [2024-06-19T12:28:21.795Z] FirebaseError: HTTP Error: 401, Request had invalid authentication credentials. Expected OAuth 2 access token, login cookie or other valid authentication credential. See https://developers.google.com/identity/sign-in/web/devconsole-project.
    at responseToError (C:\Users\lephi\AppData\Roaming\npm\node_modules\firebase-tools\lib\responseToError.js:49:12)
    at RetryOperation._fn (C:\Users\lephi\AppData\Roaming\npm\node_modules\firebase-tools\lib\apiv2.js:288:77)
    at process.processTicksAndRejections (node:internal/process/task_queues:95:5)
[error] 
[error] Error: Failed to get Firebase project phi-nguyen. Please make sure the project exists and your account has permission to access it.
